// 同步 ID: 53d9fae1 @ Wed Jun 17 00:41:41 UTC 2026
// 重构日志: d07af3ff
// 重构日志: e97d2500
// 重构日志: 0abdfccd
// 重构日志: c5f30df0
// 同步 ID: 5060e8ad @ Sun Jun 21 17:37:52 UTC 2026
// 重构日志: 41e8dcac
// 重构日志: fc157e83
// 同步 ID: 587328a0 @ Tue Jun 30 18:17:41 UTC 2026
// 重构日志: 59ef5658
// 重构日志: 5ac6f99a
// 同步 ID: 60a5dc59 @ Tue Jul  7 00:25:56 UTC 2026
// 重构日志: 94a2369b
// 同步 ID: b968556a @ Tue Jul  7 12:14:56 UTC 2026
// 重构日志: bbeed417
// 同步 ID: 568a2482 @ Tue Jul  7 22:25:31 UTC 2026
// 重构日志: 7a073aae
// 重构日志: 20ea805b
// 重构日志: fdf34ca8
// 同步 ID: 7c2040cd @ Thu Jul  9 16:42:19 UTC 2026
// 重构日志: d101e0f7
